INFO:root:Starting tweetful
INFO:root:Constructing parser
INFO:root:Starting tweetful
INFO:root:Constructing parser
INFO:root:Starting tweetful
INFO:root:Constructing parser
DEBUG:requests_oauthlib.oauth1_auth:Signing request <PreparedRequest [GET]> using client <Client nonce=None, signature_method=HMAC-SHA1, realm=None, encoding=utf-8, timestamp=None, resource_owner_secret=****, decoding=utf-8, verifier=None, signature_type=AUTH_HEADER, rsa_key=None, resource_owner_key=166467575-DTE2ydaaLI5J2DkP33hcGPesjABOYaE1wvxHLlmo, client_secret=****, callback_uri=None, client_key=4mQJhCVVUyCvcJVA2QWcfQwj5>
DEBUG:requests_oauthlib.oauth1_auth:Including body in call to sign: False
DEBUG:oauthlib.oauth1.rfc5849:Collected params: [(u'oauth_nonce', u'66128075860711467971419106851'), (u'oauth_timestamp', u'1419106851'), (u'oauth_consumer_key', u'4mQJhCVVUyCvcJVA2QWcfQwj5'), (u'oauth_signature_method', u'HMAC-SHA1'), (u'oauth_version', u'1.0'), (u'oauth_token', u'166467575-DTE2ydaaLI5J2DkP33hcGPesjABOYaE1wvxHLlmo')]
DEBUG:oauthlib.oauth1.rfc5849:Normalized params: oauth_consumer_key=4mQJhCVVUyCvcJVA2QWcfQwj5&oauth_nonce=66128075860711467971419106851&oauth_signature_method=HMAC-SHA1&oauth_timestamp=1419106851&oauth_token=166467575-DTE2ydaaLI5J2DkP33hcGPesjABOYaE1wvxHLlmo&oauth_version=1.0
DEBUG:oauthlib.oauth1.rfc5849:Normalized URI: https://api.twitter.com/1.1/statuses/lookup.json
DEBUG:oauthlib.oauth1.rfc5849:Base signing string: GET&https%3A%2F%2Fapi.twitter.com%2F1.1%2Fstatuses%2Flookup.json&oauth_consumer_key%3D4mQJhCVVUyCvcJVA2QWcfQwj5%26oauth_nonce%3D66128075860711467971419106851%26oauth_signature_method%3DHMAC-SHA1%26oauth_timestamp%3D1419106851%26oauth_token%3D166467575-DTE2ydaaLI5J2DkP33hcGPesjABOYaE1wvxHLlmo%26oauth_version%3D1.0
DEBUG:oauthlib.oauth1.rfc5849:Signature: 0EDWdnbphMkX/zNTh2lkxMJtBAU=
DEBUG:oauthlib.oauth1.rfc5849:Encoding URI, headers and body to utf-8.
DEBUG:requests_oauthlib.oauth1_auth:Updated url: https://api.twitter.com/1.1/statuses/lookup.json
DEBUG:requests_oauthlib.oauth1_auth:Updated headers: {'Accept': '*/*', 'Accept-Encoding': 'gzip, deflate, compress', 'Authorization': 'OAuth oauth_nonce="66128075860711467971419106851", oauth_timestamp="1419106851", oauth_version="1.0", oauth_signature_method="HMAC-SHA1", oauth_consumer_key="4mQJhCVVUyCvcJVA2QWcfQwj5", oauth_token="166467575-DTE2ydaaLI5J2DkP33hcGPesjABOYaE1wvxHLlmo", oauth_signature="0EDWdnbphMkX%2FzNTh2lkxMJtBAU%3D"', 'User-Agent': 'python-requests/2.2.1 CPython/2.7.6 Linux/3.13.0-24-generic'}
DEBUG:requests_oauthlib.oauth1_auth:Updated body: None
INFO:urllib3.connectionpool:Starting new HTTPS connection (1): api.twitter.com
DEBUG:urllib3.connectionpool:Setting read timeout to None
DEBUG:urllib3.connectionpool:"GET /1.1/statuses/lookup.json HTTP/1.1" 400 86
INFO:root:Starting tweetful
INFO:root:Constructing parser
DEBUG:requests_oauthlib.oauth1_auth:Signing request <PreparedRequest [GET]> using client <Client nonce=None, signature_method=HMAC-SHA1, realm=None, encoding=utf-8, timestamp=None, resource_owner_secret=****, decoding=utf-8, verifier=None, signature_type=AUTH_HEADER, rsa_key=None, resource_owner_key=166467575-DTE2ydaaLI5J2DkP33hcGPesjABOYaE1wvxHLlmo, client_secret=****, callback_uri=None, client_key=4mQJhCVVUyCvcJVA2QWcfQwj5>
DEBUG:requests_oauthlib.oauth1_auth:Including body in call to sign: False
DEBUG:oauthlib.oauth1.rfc5849:Collected params: [(u'oauth_nonce', u'169259246581979934731419181059'), (u'oauth_timestamp', u'1419181059'), (u'oauth_consumer_key', u'4mQJhCVVUyCvcJVA2QWcfQwj5'), (u'oauth_signature_method', u'HMAC-SHA1'), (u'oauth_version', u'1.0'), (u'oauth_token', u'166467575-DTE2ydaaLI5J2DkP33hcGPesjABOYaE1wvxHLlmo')]
DEBUG:oauthlib.oauth1.rfc5849:Normalized params: oauth_consumer_key=4mQJhCVVUyCvcJVA2QWcfQwj5&oauth_nonce=169259246581979934731419181059&oauth_signature_method=HMAC-SHA1&oauth_timestamp=1419181059&oauth_token=166467575-DTE2ydaaLI5J2DkP33hcGPesjABOYaE1wvxHLlmo&oauth_version=1.0
DEBUG:oauthlib.oauth1.rfc5849:Normalized URI: https://api.twitter.com/1.1/statuses/lookup.json
DEBUG:oauthlib.oauth1.rfc5849:Base signing string: GET&https%3A%2F%2Fapi.twitter.com%2F1.1%2Fstatuses%2Flookup.json&oauth_consumer_key%3D4mQJhCVVUyCvcJVA2QWcfQwj5%26oauth_nonce%3D169259246581979934731419181059%26oauth_signature_method%3DHMAC-SHA1%26oauth_timestamp%3D1419181059%26oauth_token%3D166467575-DTE2ydaaLI5J2DkP33hcGPesjABOYaE1wvxHLlmo%26oauth_version%3D1.0
DEBUG:oauthlib.oauth1.rfc5849:Signature: kkfqAi4CHTubjgZeuozqh1v5cdU=
DEBUG:oauthlib.oauth1.rfc5849:Encoding URI, headers and body to utf-8.
DEBUG:requests_oauthlib.oauth1_auth:Updated url: https://api.twitter.com/1.1/statuses/lookup.json
DEBUG:requests_oauthlib.oauth1_auth:Updated headers: {'Accept': '*/*', 'Accept-Encoding': 'gzip, deflate, compress', 'Authorization': 'OAuth oauth_nonce="169259246581979934731419181059", oauth_timestamp="1419181059", oauth_version="1.0", oauth_signature_method="HMAC-SHA1", oauth_consumer_key="4mQJhCVVUyCvcJVA2QWcfQwj5", oauth_token="166467575-DTE2ydaaLI5J2DkP33hcGPesjABOYaE1wvxHLlmo", oauth_signature="kkfqAi4CHTubjgZeuozqh1v5cdU%3D"', 'User-Agent': 'python-requests/2.2.1 CPython/2.7.6 Linux/3.13.0-24-generic'}
DEBUG:requests_oauthlib.oauth1_auth:Updated body: None
INFO:urllib3.connectionpool:Starting new HTTPS connection (1): api.twitter.com
DEBUG:urllib3.connectionpool:Setting read timeout to None
DEBUG:urllib3.connectionpool:"GET /1.1/statuses/lookup.json HTTP/1.1" 400 86
INFO:root:Starting tweetful
INFO:root:Constructing parser
INFO:root:Starting tweetful
INFO:root:Constructing parser
INFO:root:Starting tweetful
INFO:root:Constructing parser
DEBUG:requests_oauthlib.oauth1_auth:Signing request <PreparedRequest [GET]> using client <Client nonce=None, signature_method=HMAC-SHA1, realm=None, encoding=utf-8, timestamp=None, resource_owner_secret=****, decoding=utf-8, verifier=None, signature_type=AUTH_HEADER, rsa_key=None, resource_owner_key=166467575-DTE2ydaaLI5J2DkP33hcGPesjABOYaE1wvxHLlmo, client_secret=****, callback_uri=None, client_key=4mQJhCVVUyCvcJVA2QWcfQwj5>
DEBUG:requests_oauthlib.oauth1_auth:Including body in call to sign: False
DEBUG:oauthlib.oauth1.rfc5849:Collected params: [(u'oauth_nonce', u'3408149850339574171419181088'), (u'oauth_timestamp', u'1419181088'), (u'oauth_consumer_key', u'4mQJhCVVUyCvcJVA2QWcfQwj5'), (u'oauth_signature_method', u'HMAC-SHA1'), (u'oauth_version', u'1.0'), (u'oauth_token', u'166467575-DTE2ydaaLI5J2DkP33hcGPesjABOYaE1wvxHLlmo')]
DEBUG:oauthlib.oauth1.rfc5849:Normalized params: oauth_consumer_key=4mQJhCVVUyCvcJVA2QWcfQwj5&oauth_nonce=3408149850339574171419181088&oauth_signature_method=HMAC-SHA1&oauth_timestamp=1419181088&oauth_token=166467575-DTE2ydaaLI5J2DkP33hcGPesjABOYaE1wvxHLlmo&oauth_version=1.0
DEBUG:oauthlib.oauth1.rfc5849:Normalized URI: https://api.twitter.com/1.1/statuses/lookup.json
DEBUG:oauthlib.oauth1.rfc5849:Base signing string: GET&https%3A%2F%2Fapi.twitter.com%2F1.1%2Fstatuses%2Flookup.json&oauth_consumer_key%3D4mQJhCVVUyCvcJVA2QWcfQwj5%26oauth_nonce%3D3408149850339574171419181088%26oauth_signature_method%3DHMAC-SHA1%26oauth_timestamp%3D1419181088%26oauth_token%3D166467575-DTE2ydaaLI5J2DkP33hcGPesjABOYaE1wvxHLlmo%26oauth_version%3D1.0
DEBUG:oauthlib.oauth1.rfc5849:Signature: k0X1hfdw7xtmLv/GOnj8Zar7aCo=
DEBUG:oauthlib.oauth1.rfc5849:Encoding URI, headers and body to utf-8.
DEBUG:requests_oauthlib.oauth1_auth:Updated url: https://api.twitter.com/1.1/statuses/lookup.json
DEBUG:requests_oauthlib.oauth1_auth:Updated headers: {'Accept': '*/*', 'Accept-Encoding': 'gzip, deflate, compress', 'Authorization': 'OAuth oauth_nonce="3408149850339574171419181088", oauth_timestamp="1419181088", oauth_version="1.0", oauth_signature_method="HMAC-SHA1", oauth_consumer_key="4mQJhCVVUyCvcJVA2QWcfQwj5", oauth_token="166467575-DTE2ydaaLI5J2DkP33hcGPesjABOYaE1wvxHLlmo", oauth_signature="k0X1hfdw7xtmLv%2FGOnj8Zar7aCo%3D"', 'User-Agent': 'python-requests/2.2.1 CPython/2.7.6 Linux/3.13.0-24-generic'}
DEBUG:requests_oauthlib.oauth1_auth:Updated body: None
INFO:urllib3.connectionpool:Starting new HTTPS connection (1): api.twitter.com
DEBUG:urllib3.connectionpool:Setting read timeout to None
DEBUG:urllib3.connectionpool:"GET /1.1/statuses/lookup.json HTTP/1.1" 400 86
INFO:root:Starting tweetful
INFO:root:Constructing parser
DEBUG:requests_oauthlib.oauth1_auth:Signing request <PreparedRequest [GET]> using client <Client nonce=None, signature_method=HMAC-SHA1, realm=None, encoding=utf-8, timestamp=None, resource_owner_secret=****, decoding=utf-8, verifier=None, signature_type=AUTH_HEADER, rsa_key=None, resource_owner_key=166467575-DTE2ydaaLI5J2DkP33hcGPesjABOYaE1wvxHLlmo, client_secret=****, callback_uri=None, client_key=4mQJhCVVUyCvcJVA2QWcfQwj5>
DEBUG:requests_oauthlib.oauth1_auth:Including body in call to sign: False
DEBUG:oauthlib.oauth1.rfc5849:Collected params: [(u'oauth_nonce', u'105336983015892935301419181104'), (u'oauth_timestamp', u'1419181104'), (u'oauth_consumer_key', u'4mQJhCVVUyCvcJVA2QWcfQwj5'), (u'oauth_signature_method', u'HMAC-SHA1'), (u'oauth_version', u'1.0'), (u'oauth_token', u'166467575-DTE2ydaaLI5J2DkP33hcGPesjABOYaE1wvxHLlmo')]
DEBUG:oauthlib.oauth1.rfc5849:Normalized params: oauth_consumer_key=4mQJhCVVUyCvcJVA2QWcfQwj5&oauth_nonce=105336983015892935301419181104&oauth_signature_method=HMAC-SHA1&oauth_timestamp=1419181104&oauth_token=166467575-DTE2ydaaLI5J2DkP33hcGPesjABOYaE1wvxHLlmo&oauth_version=1.0
DEBUG:oauthlib.oauth1.rfc5849:Normalized URI: https://api.twitter.com/1.1/statuses/lookup.json
DEBUG:oauthlib.oauth1.rfc5849:Base signing string: GET&https%3A%2F%2Fapi.twitter.com%2F1.1%2Fstatuses%2Flookup.json&oauth_consumer_key%3D4mQJhCVVUyCvcJVA2QWcfQwj5%26oauth_nonce%3D105336983015892935301419181104%26oauth_signature_method%3DHMAC-SHA1%26oauth_timestamp%3D1419181104%26oauth_token%3D166467575-DTE2ydaaLI5J2DkP33hcGPesjABOYaE1wvxHLlmo%26oauth_version%3D1.0
DEBUG:oauthlib.oauth1.rfc5849:Signature: 1j7niINqN8rSvRrZEIK5orsB8Hs=
DEBUG:oauthlib.oauth1.rfc5849:Encoding URI, headers and body to utf-8.
DEBUG:requests_oauthlib.oauth1_auth:Updated url: https://api.twitter.com/1.1/statuses/lookup.json
DEBUG:requests_oauthlib.oauth1_auth:Updated headers: {'Accept': '*/*', 'Accept-Encoding': 'gzip, deflate, compress', 'Authorization': 'OAuth oauth_nonce="105336983015892935301419181104", oauth_timestamp="1419181104", oauth_version="1.0", oauth_signature_method="HMAC-SHA1", oauth_consumer_key="4mQJhCVVUyCvcJVA2QWcfQwj5", oauth_token="166467575-DTE2ydaaLI5J2DkP33hcGPesjABOYaE1wvxHLlmo", oauth_signature="1j7niINqN8rSvRrZEIK5orsB8Hs%3D"', 'User-Agent': 'python-requests/2.2.1 CPython/2.7.6 Linux/3.13.0-24-generic'}
DEBUG:requests_oauthlib.oauth1_auth:Updated body: None
INFO:urllib3.connectionpool:Starting new HTTPS connection (1): api.twitter.com
DEBUG:urllib3.connectionpool:Setting read timeout to None
DEBUG:urllib3.connectionpool:"GET /1.1/statuses/lookup.json HTTP/1.1" 400 86
INFO:root:Starting tweetful
INFO:root:Constructing parser
DEBUG:requests_oauthlib.oauth1_auth:Signing request <PreparedRequest [GET]> using client <Client nonce=None, signature_method=HMAC-SHA1, realm=None, encoding=utf-8, timestamp=None, resource_owner_secret=****, decoding=utf-8, verifier=None, signature_type=AUTH_HEADER, rsa_key=None, resource_owner_key=166467575-DTE2ydaaLI5J2DkP33hcGPesjABOYaE1wvxHLlmo, client_secret=****, callback_uri=None, client_key=4mQJhCVVUyCvcJVA2QWcfQwj5>
DEBUG:requests_oauthlib.oauth1_auth:Including body in call to sign: False
DEBUG:oauthlib.oauth1.rfc5849:Collected params: [(u'oauth_nonce', u'143178019055817665701419181111'), (u'oauth_timestamp', u'1419181111'), (u'oauth_consumer_key', u'4mQJhCVVUyCvcJVA2QWcfQwj5'), (u'oauth_signature_method', u'HMAC-SHA1'), (u'oauth_version', u'1.0'), (u'oauth_token', u'166467575-DTE2ydaaLI5J2DkP33hcGPesjABOYaE1wvxHLlmo')]
DEBUG:oauthlib.oauth1.rfc5849:Normalized params: oauth_consumer_key=4mQJhCVVUyCvcJVA2QWcfQwj5&oauth_nonce=143178019055817665701419181111&oauth_signature_method=HMAC-SHA1&oauth_timestamp=1419181111&oauth_token=166467575-DTE2ydaaLI5J2DkP33hcGPesjABOYaE1wvxHLlmo&oauth_version=1.0
DEBUG:oauthlib.oauth1.rfc5849:Normalized URI: https://api.twitter.com/1.1/statuses/lookup.json
DEBUG:oauthlib.oauth1.rfc5849:Base signing string: GET&https%3A%2F%2Fapi.twitter.com%2F1.1%2Fstatuses%2Flookup.json&oauth_consumer_key%3D4mQJhCVVUyCvcJVA2QWcfQwj5%26oauth_nonce%3D143178019055817665701419181111%26oauth_signature_method%3DHMAC-SHA1%26oauth_timestamp%3D1419181111%26oauth_token%3D166467575-DTE2ydaaLI5J2DkP33hcGPesjABOYaE1wvxHLlmo%26oauth_version%3D1.0
DEBUG:oauthlib.oauth1.rfc5849:Signature: qTBx/usrX4bJmhV1tCaRphw9EnY=
DEBUG:oauthlib.oauth1.rfc5849:Encoding URI, headers and body to utf-8.
DEBUG:requests_oauthlib.oauth1_auth:Updated url: https://api.twitter.com/1.1/statuses/lookup.json
DEBUG:requests_oauthlib.oauth1_auth:Updated headers: {'Accept': '*/*', 'Accept-Encoding': 'gzip, deflate, compress', 'Authorization': 'OAuth oauth_nonce="143178019055817665701419181111", oauth_timestamp="1419181111", oauth_version="1.0", oauth_signature_method="HMAC-SHA1", oauth_consumer_key="4mQJhCVVUyCvcJVA2QWcfQwj5", oauth_token="166467575-DTE2ydaaLI5J2DkP33hcGPesjABOYaE1wvxHLlmo", oauth_signature="qTBx%2FusrX4bJmhV1tCaRphw9EnY%3D"', 'User-Agent': 'python-requests/2.2.1 CPython/2.7.6 Linux/3.13.0-24-generic'}
DEBUG:requests_oauthlib.oauth1_auth:Updated body: None
INFO:urllib3.connectionpool:Starting new HTTPS connection (1): api.twitter.com
DEBUG:urllib3.connectionpool:Setting read timeout to None
DEBUG:urllib3.connectionpool:"GET /1.1/statuses/lookup.json HTTP/1.1" 400 86
INFO:root:Starting tweetful
INFO:root:Constructing parser
INFO:root:Starting tweetful
INFO:root:Constructing parser
INFO:root:Starting tweetful
INFO:root:Constructing parser
INFO:root:Starting tweetful
INFO:root:Constructing parser
INFO:root:Starting tweetful
INFO:root:Constructing parser
INFO:root:Starting tweetful
INFO:root:Constructing parser
INFO:root:Starting tweetful
INFO:root:Constructing parser
INFO:root:Starting tweetful
INFO:root:Constructing parser
DEBUG:requests_oauthlib.oauth1_auth:Signing request <PreparedRequest [GET]> using client <Client nonce=None, signature_method=HMAC-SHA1, realm=None, encoding=utf-8, timestamp=None, resource_owner_secret=****, decoding=utf-8, verifier=None, signature_type=AUTH_HEADER, rsa_key=None, resource_owner_key=166467575-DTE2ydaaLI5J2DkP33hcGPesjABOYaE1wvxHLlmo, client_secret=****, callback_uri=None, client_key=4mQJhCVVUyCvcJVA2QWcfQwj5>
DEBUG:requests_oauthlib.oauth1_auth:Including body in call to sign: False
DEBUG:oauthlib.oauth1.rfc5849:Collected params: [(u'oauth_nonce', u'65485717483252049501419181281'), (u'oauth_timestamp', u'1419181281'), (u'oauth_consumer_key', u'4mQJhCVVUyCvcJVA2QWcfQwj5'), (u'oauth_signature_method', u'HMAC-SHA1'), (u'oauth_version', u'1.0'), (u'oauth_token', u'166467575-DTE2ydaaLI5J2DkP33hcGPesjABOYaE1wvxHLlmo')]
DEBUG:oauthlib.oauth1.rfc5849:Normalized params: oauth_consumer_key=4mQJhCVVUyCvcJVA2QWcfQwj5&oauth_nonce=65485717483252049501419181281&oauth_signature_method=HMAC-SHA1&oauth_timestamp=1419181281&oauth_token=166467575-DTE2ydaaLI5J2DkP33hcGPesjABOYaE1wvxHLlmo&oauth_version=1.0
DEBUG:oauthlib.oauth1.rfc5849:Normalized URI: https://api.twitter.com/1.1/statuses/retweets_of_me.json
DEBUG:oauthlib.oauth1.rfc5849:Base signing string: GET&https%3A%2F%2Fapi.twitter.com%2F1.1%2Fstatuses%2Fretweets_of_me.json&oauth_consumer_key%3D4mQJhCVVUyCvcJVA2QWcfQwj5%26oauth_nonce%3D65485717483252049501419181281%26oauth_signature_method%3DHMAC-SHA1%26oauth_timestamp%3D1419181281%26oauth_token%3D166467575-DTE2ydaaLI5J2DkP33hcGPesjABOYaE1wvxHLlmo%26oauth_version%3D1.0
DEBUG:oauthlib.oauth1.rfc5849:Signature: cYC07x3UAlO2aE7SjLilhGbJPA0=
DEBUG:oauthlib.oauth1.rfc5849:Encoding URI, headers and body to utf-8.
DEBUG:requests_oauthlib.oauth1_auth:Updated url: https://api.twitter.com/1.1/statuses/retweets_of_me.json
DEBUG:requests_oauthlib.oauth1_auth:Updated headers: {'Accept': '*/*', 'Accept-Encoding': 'gzip, deflate, compress', 'Authorization': 'OAuth oauth_nonce="65485717483252049501419181281", oauth_timestamp="1419181281", oauth_version="1.0", oauth_signature_method="HMAC-SHA1", oauth_consumer_key="4mQJhCVVUyCvcJVA2QWcfQwj5", oauth_token="166467575-DTE2ydaaLI5J2DkP33hcGPesjABOYaE1wvxHLlmo", oauth_signature="cYC07x3UAlO2aE7SjLilhGbJPA0%3D"', 'User-Agent': 'python-requests/2.2.1 CPython/2.7.6 Linux/3.13.0-24-generic'}
DEBUG:requests_oauthlib.oauth1_auth:Updated body: None
INFO:urllib3.connectionpool:Starting new HTTPS connection (1): api.twitter.com
DEBUG:urllib3.connectionpool:Setting read timeout to None
DEBUG:urllib3.connectionpool:"GET /1.1/statuses/retweets_of_me.json HTTP/1.1" 200 1079
INFO:root:Starting tweetful
INFO:root:Constructing parser
INFO:root:Starting tweetful
INFO:root:Constructing parser
INFO:root:Starting tweetful
INFO:root:Constructing parser
INFO:root:Starting tweetful
INFO:root:Constructing parser
INFO:root:Starting tweetful
INFO:root:Constructing parser
INFO:root:Starting tweetful
INFO:root:Constructing parser
INFO:root:Starting tweetful
INFO:root:Constructing parser
DEBUG:requests_oauthlib.oauth1_auth:Signing request <PreparedRequest [GET]> using client <Client nonce=None, signature_method=HMAC-SHA1, realm=None, encoding=utf-8, timestamp=None, resource_owner_secret=****, decoding=utf-8, verifier=None, signature_type=AUTH_HEADER, rsa_key=None, resource_owner_key=166467575-DTE2ydaaLI5J2DkP33hcGPesjABOYaE1wvxHLlmo, client_secret=****, callback_uri=None, client_key=4mQJhCVVUyCvcJVA2QWcfQwj5>
DEBUG:requests_oauthlib.oauth1_auth:Including body in call to sign: False
DEBUG:oauthlib.oauth1.rfc5849:Collected params: [(u'oauth_nonce', u'173215510966747471141419181368'), (u'oauth_timestamp', u'1419181368'), (u'oauth_consumer_key', u'4mQJhCVVUyCvcJVA2QWcfQwj5'), (u'oauth_signature_method', u'HMAC-SHA1'), (u'oauth_version', u'1.0'), (u'oauth_token', u'166467575-DTE2ydaaLI5J2DkP33hcGPesjABOYaE1wvxHLlmo')]
DEBUG:oauthlib.oauth1.rfc5849:Normalized params: oauth_consumer_key=4mQJhCVVUyCvcJVA2QWcfQwj5&oauth_nonce=173215510966747471141419181368&oauth_signature_method=HMAC-SHA1&oauth_timestamp=1419181368&oauth_token=166467575-DTE2ydaaLI5J2DkP33hcGPesjABOYaE1wvxHLlmo&oauth_version=1.0
DEBUG:oauthlib.oauth1.rfc5849:Normalized URI: https://api.twitter.com/1.1/statuses/retweets_of_me.json
DEBUG:oauthlib.oauth1.rfc5849:Base signing string: GET&https%3A%2F%2Fapi.twitter.com%2F1.1%2Fstatuses%2Fretweets_of_me.json&oauth_consumer_key%3D4mQJhCVVUyCvcJVA2QWcfQwj5%26oauth_nonce%3D173215510966747471141419181368%26oauth_signature_method%3DHMAC-SHA1%26oauth_timestamp%3D1419181368%26oauth_token%3D166467575-DTE2ydaaLI5J2DkP33hcGPesjABOYaE1wvxHLlmo%26oauth_version%3D1.0
DEBUG:oauthlib.oauth1.rfc5849:Signature: ul9KZ3wCVPGeoPYdq1q0Xw6YTrQ=
DEBUG:oauthlib.oauth1.rfc5849:Encoding URI, headers and body to utf-8.
DEBUG:requests_oauthlib.oauth1_auth:Updated url: https://api.twitter.com/1.1/statuses/retweets_of_me.json
DEBUG:requests_oauthlib.oauth1_auth:Updated headers: {'Accept': '*/*', 'Accept-Encoding': 'gzip, deflate, compress', 'Authorization': 'OAuth oauth_nonce="173215510966747471141419181368", oauth_timestamp="1419181368", oauth_version="1.0", oauth_signature_method="HMAC-SHA1", oauth_consumer_key="4mQJhCVVUyCvcJVA2QWcfQwj5", oauth_token="166467575-DTE2ydaaLI5J2DkP33hcGPesjABOYaE1wvxHLlmo", oauth_signature="ul9KZ3wCVPGeoPYdq1q0Xw6YTrQ%3D"', 'User-Agent': 'python-requests/2.2.1 CPython/2.7.6 Linux/3.13.0-24-generic'}
DEBUG:requests_oauthlib.oauth1_auth:Updated body: None
INFO:urllib3.connectionpool:Starting new HTTPS connection (1): api.twitter.com
DEBUG:urllib3.connectionpool:Setting read timeout to None
DEBUG:urllib3.connectionpool:"GET /1.1/statuses/retweets_of_me.json HTTP/1.1" 200 1079
INFO:root:Starting tweetful
INFO:root:Constructing parser
DEBUG:requests_oauthlib.oauth1_auth:Signing request <PreparedRequest [GET]> using client <Client nonce=None, signature_method=HMAC-SHA1, realm=None, encoding=utf-8, timestamp=None, resource_owner_secret=****, decoding=utf-8, verifier=None, signature_type=AUTH_HEADER, rsa_key=None, resource_owner_key=166467575-DTE2ydaaLI5J2DkP33hcGPesjABOYaE1wvxHLlmo, client_secret=****, callback_uri=None, client_key=4mQJhCVVUyCvcJVA2QWcfQwj5>
DEBUG:requests_oauthlib.oauth1_auth:Including body in call to sign: False
DEBUG:oauthlib.oauth1.rfc5849:Collected params: [(u'oauth_nonce', u'46606249713304521211419181378'), (u'oauth_timestamp', u'1419181378'), (u'oauth_consumer_key', u'4mQJhCVVUyCvcJVA2QWcfQwj5'), (u'oauth_signature_method', u'HMAC-SHA1'), (u'oauth_version', u'1.0'), (u'oauth_token', u'166467575-DTE2ydaaLI5J2DkP33hcGPesjABOYaE1wvxHLlmo')]
DEBUG:oauthlib.oauth1.rfc5849:Normalized params: oauth_consumer_key=4mQJhCVVUyCvcJVA2QWcfQwj5&oauth_nonce=46606249713304521211419181378&oauth_signature_method=HMAC-SHA1&oauth_timestamp=1419181378&oauth_token=166467575-DTE2ydaaLI5J2DkP33hcGPesjABOYaE1wvxHLlmo&oauth_version=1.0
DEBUG:oauthlib.oauth1.rfc5849:Normalized URI: https://api.twitter.com/1.1/statuses/lookup.json
DEBUG:oauthlib.oauth1.rfc5849:Base signing string: GET&https%3A%2F%2Fapi.twitter.com%2F1.1%2Fstatuses%2Flookup.json&oauth_consumer_key%3D4mQJhCVVUyCvcJVA2QWcfQwj5%26oauth_nonce%3D46606249713304521211419181378%26oauth_signature_method%3DHMAC-SHA1%26oauth_timestamp%3D1419181378%26oauth_token%3D166467575-DTE2ydaaLI5J2DkP33hcGPesjABOYaE1wvxHLlmo%26oauth_version%3D1.0
DEBUG:oauthlib.oauth1.rfc5849:Signature: VoHYqzontQMOpbvUOzaL2D0Omdc=
DEBUG:oauthlib.oauth1.rfc5849:Encoding URI, headers and body to utf-8.
DEBUG:requests_oauthlib.oauth1_auth:Updated url: https://api.twitter.com/1.1/statuses/lookup.json
DEBUG:requests_oauthlib.oauth1_auth:Updated headers: {'Accept': '*/*', 'Accept-Encoding': 'gzip, deflate, compress', 'Authorization': 'OAuth oauth_nonce="46606249713304521211419181378", oauth_timestamp="1419181378", oauth_version="1.0", oauth_signature_method="HMAC-SHA1", oauth_consumer_key="4mQJhCVVUyCvcJVA2QWcfQwj5", oauth_token="166467575-DTE2ydaaLI5J2DkP33hcGPesjABOYaE1wvxHLlmo", oauth_signature="VoHYqzontQMOpbvUOzaL2D0Omdc%3D"', 'User-Agent': 'python-requests/2.2.1 CPython/2.7.6 Linux/3.13.0-24-generic'}
DEBUG:requests_oauthlib.oauth1_auth:Updated body: None
INFO:urllib3.connectionpool:Starting new HTTPS connection (1): api.twitter.com
DEBUG:urllib3.connectionpool:Setting read timeout to None
DEBUG:urllib3.connectionpool:"GET /1.1/statuses/lookup.json HTTP/1.1" 400 86
INFO:root:Starting tweetful
INFO:root:Constructing parser
DEBUG:requests_oauthlib.oauth1_auth:Signing request <PreparedRequest [GET]> using client <Client nonce=None, signature_method=HMAC-SHA1, realm=None, encoding=utf-8, timestamp=None, resource_owner_secret=****, decoding=utf-8, verifier=None, signature_type=AUTH_HEADER, rsa_key=None, resource_owner_key=166467575-DTE2ydaaLI5J2DkP33hcGPesjABOYaE1wvxHLlmo, client_secret=****, callback_uri=None, client_key=4mQJhCVVUyCvcJVA2QWcfQwj5>
DEBUG:requests_oauthlib.oauth1_auth:Including body in call to sign: False
DEBUG:oauthlib.oauth1.rfc5849:Collected params: [(u'oauth_nonce', u'5511547649723955381419181486'), (u'oauth_timestamp', u'1419181486'), (u'oauth_consumer_key', u'4mQJhCVVUyCvcJVA2QWcfQwj5'), (u'oauth_signature_method', u'HMAC-SHA1'), (u'oauth_version', u'1.0'), (u'oauth_token', u'166467575-DTE2ydaaLI5J2DkP33hcGPesjABOYaE1wvxHLlmo')]
DEBUG:oauthlib.oauth1.rfc5849:Normalized params: oauth_consumer_key=4mQJhCVVUyCvcJVA2QWcfQwj5&oauth_nonce=5511547649723955381419181486&oauth_signature_method=HMAC-SHA1&oauth_timestamp=1419181486&oauth_token=166467575-DTE2ydaaLI5J2DkP33hcGPesjABOYaE1wvxHLlmo&oauth_version=1.0
DEBUG:oauthlib.oauth1.rfc5849:Normalized URI: https://api.twitter.com/1.1/followers/list.json
DEBUG:oauthlib.oauth1.rfc5849:Base signing string: GET&https%3A%2F%2Fapi.twitter.com%2F1.1%2Ffollowers%2Flist.json&oauth_consumer_key%3D4mQJhCVVUyCvcJVA2QWcfQwj5%26oauth_nonce%3D5511547649723955381419181486%26oauth_signature_method%3DHMAC-SHA1%26oauth_timestamp%3D1419181486%26oauth_token%3D166467575-DTE2ydaaLI5J2DkP33hcGPesjABOYaE1wvxHLlmo%26oauth_version%3D1.0
DEBUG:oauthlib.oauth1.rfc5849:Signature: k0CRrZjAEaNcCnMke3iEJe7rmNo=
DEBUG:oauthlib.oauth1.rfc5849:Encoding URI, headers and body to utf-8.
DEBUG:requests_oauthlib.oauth1_auth:Updated url: https://api.twitter.com/1.1/followers/list.json
DEBUG:requests_oauthlib.oauth1_auth:Updated headers: {'Accept': '*/*', 'Accept-Encoding': 'gzip, deflate, compress', 'Authorization': 'OAuth oauth_nonce="5511547649723955381419181486", oauth_timestamp="1419181486", oauth_version="1.0", oauth_signature_method="HMAC-SHA1", oauth_consumer_key="4mQJhCVVUyCvcJVA2QWcfQwj5", oauth_token="166467575-DTE2ydaaLI5J2DkP33hcGPesjABOYaE1wvxHLlmo", oauth_signature="k0CRrZjAEaNcCnMke3iEJe7rmNo%3D"', 'User-Agent': 'python-requests/2.2.1 CPython/2.7.6 Linux/3.13.0-24-generic'}
DEBUG:requests_oauthlib.oauth1_auth:Updated body: None
INFO:urllib3.connectionpool:Starting new HTTPS connection (1): api.twitter.com
DEBUG:urllib3.connectionpool:Setting read timeout to None
DEBUG:urllib3.connectionpool:"GET /1.1/followers/list.json HTTP/1.1" 200 9471
INFO:root:Starting tweetful
INFO:root:Constructing parser
DEBUG:requests_oauthlib.oauth1_auth:Signing request <PreparedRequest [GET]> using client <Client nonce=None, signature_method=HMAC-SHA1, realm=None, encoding=utf-8, timestamp=None, resource_owner_secret=****, decoding=utf-8, verifier=None, signature_type=AUTH_HEADER, rsa_key=None, resource_owner_key=166467575-DTE2ydaaLI5J2DkP33hcGPesjABOYaE1wvxHLlmo, client_secret=****, callback_uri=None, client_key=4mQJhCVVUyCvcJVA2QWcfQwj5>
DEBUG:requests_oauthlib.oauth1_auth:Including body in call to sign: False
DEBUG:oauthlib.oauth1.rfc5849:Collected params: [(u'oauth_nonce', u'152220014437899417971419181607'), (u'oauth_timestamp', u'1419181607'), (u'oauth_consumer_key', u'4mQJhCVVUyCvcJVA2QWcfQwj5'), (u'oauth_signature_method', u'HMAC-SHA1'), (u'oauth_version', u'1.0'), (u'oauth_token', u'166467575-DTE2ydaaLI5J2DkP33hcGPesjABOYaE1wvxHLlmo')]
DEBUG:oauthlib.oauth1.rfc5849:Normalized params: oauth_consumer_key=4mQJhCVVUyCvcJVA2QWcfQwj5&oauth_nonce=152220014437899417971419181607&oauth_signature_method=HMAC-SHA1&oauth_timestamp=1419181607&oauth_token=166467575-DTE2ydaaLI5J2DkP33hcGPesjABOYaE1wvxHLlmo&oauth_version=1.0
DEBUG:oauthlib.oauth1.rfc5849:Normalized URI: https://api.twitter.com/1.1/favorites/list.json
DEBUG:oauthlib.oauth1.rfc5849:Base signing string: GET&https%3A%2F%2Fapi.twitter.com%2F1.1%2Ffavorites%2Flist.json&oauth_consumer_key%3D4mQJhCVVUyCvcJVA2QWcfQwj5%26oauth_nonce%3D152220014437899417971419181607%26oauth_signature_method%3DHMAC-SHA1%26oauth_timestamp%3D1419181607%26oauth_token%3D166467575-DTE2ydaaLI5J2DkP33hcGPesjABOYaE1wvxHLlmo%26oauth_version%3D1.0
DEBUG:oauthlib.oauth1.rfc5849:Signature: OoGRg0gFj2K5kmmYK1RKp2/mw/s=
DEBUG:oauthlib.oauth1.rfc5849:Encoding URI, headers and body to utf-8.
DEBUG:requests_oauthlib.oauth1_auth:Updated url: https://api.twitter.com/1.1/favorites/list.json
DEBUG:requests_oauthlib.oauth1_auth:Updated headers: {'Accept': '*/*', 'Accept-Encoding': 'gzip, deflate, compress', 'Authorization': 'OAuth oauth_nonce="152220014437899417971419181607", oauth_timestamp="1419181607", oauth_version="1.0", oauth_signature_method="HMAC-SHA1", oauth_consumer_key="4mQJhCVVUyCvcJVA2QWcfQwj5", oauth_token="166467575-DTE2ydaaLI5J2DkP33hcGPesjABOYaE1wvxHLlmo", oauth_signature="OoGRg0gFj2K5kmmYK1RKp2%2Fmw%2Fs%3D"', 'User-Agent': 'python-requests/2.2.1 CPython/2.7.6 Linux/3.13.0-24-generic'}
DEBUG:requests_oauthlib.oauth1_auth:Updated body: None
INFO:urllib3.connectionpool:Starting new HTTPS connection (1): api.twitter.com
DEBUG:urllib3.connectionpool:Setting read timeout to None
DEBUG:urllib3.connectionpool:"GET /1.1/favorites/list.json HTTP/1.1" 200 5137
INFO:root:Starting tweetful
INFO:root:Constructing parser
INFO:root:Starting tweetful
INFO:root:Constructing parser
INFO:root:Starting tweetful
INFO:root:Constructing parser
INFO:root:Starting tweetful
INFO:root:Constructing parser
INFO:root:Starting tweetful
INFO:root:Constructing parser
INFO:root:Starting tweetful
INFO:root:Constructing parser
INFO:root:Starting tweetful
INFO:root:Constructing parser
INFO:root:Starting tweetful
INFO:root:Constructing parser
INFO:root:Starting tweetful
INFO:root:Constructing parser
DEBUG:requests_oauthlib.oauth1_auth:Signing request <PreparedRequest [GET]> using client <Client nonce=None, signature_method=HMAC-SHA1, realm=None, encoding=utf-8, timestamp=None, resource_owner_secret=****, decoding=utf-8, verifier=None, signature_type=AUTH_HEADER, rsa_key=None, resource_owner_key=166467575-DTE2ydaaLI5J2DkP33hcGPesjABOYaE1wvxHLlmo, client_secret=****, callback_uri=None, client_key=4mQJhCVVUyCvcJVA2QWcfQwj5>
DEBUG:requests_oauthlib.oauth1_auth:Including body in call to sign: False
DEBUG:oauthlib.oauth1.rfc5849:Collected params: [(u'oauth_nonce', u'30990661457286094221419181895'), (u'oauth_timestamp', u'1419181895'), (u'oauth_consumer_key', u'4mQJhCVVUyCvcJVA2QWcfQwj5'), (u'oauth_signature_method', u'HMAC-SHA1'), (u'oauth_version', u'1.0'), (u'oauth_token', u'166467575-DTE2ydaaLI5J2DkP33hcGPesjABOYaE1wvxHLlmo')]
DEBUG:oauthlib.oauth1.rfc5849:Normalized params: oauth_consumer_key=4mQJhCVVUyCvcJVA2QWcfQwj5&oauth_nonce=30990661457286094221419181895&oauth_signature_method=HMAC-SHA1&oauth_timestamp=1419181895&oauth_token=166467575-DTE2ydaaLI5J2DkP33hcGPesjABOYaE1wvxHLlmo&oauth_version=1.0
DEBUG:oauthlib.oauth1.rfc5849:Normalized URI: https://api.twitter.com/1.1/statuses/lookup.json
DEBUG:oauthlib.oauth1.rfc5849:Base signing string: GET&https%3A%2F%2Fapi.twitter.com%2F1.1%2Fstatuses%2Flookup.json&oauth_consumer_key%3D4mQJhCVVUyCvcJVA2QWcfQwj5%26oauth_nonce%3D30990661457286094221419181895%26oauth_signature_method%3DHMAC-SHA1%26oauth_timestamp%3D1419181895%26oauth_token%3D166467575-DTE2ydaaLI5J2DkP33hcGPesjABOYaE1wvxHLlmo%26oauth_version%3D1.0
DEBUG:oauthlib.oauth1.rfc5849:Signature: AfhqDV8N6d495m8P54ELnA95E3k=
DEBUG:oauthlib.oauth1.rfc5849:Encoding URI, headers and body to utf-8.
DEBUG:requests_oauthlib.oauth1_auth:Updated url: https://api.twitter.com/1.1/statuses/lookup.json
DEBUG:requests_oauthlib.oauth1_auth:Updated headers: {'Accept': '*/*', 'Accept-Encoding': 'gzip, deflate, compress', 'Authorization': 'OAuth oauth_nonce="30990661457286094221419181895", oauth_timestamp="1419181895", oauth_version="1.0", oauth_signature_method="HMAC-SHA1", oauth_consumer_key="4mQJhCVVUyCvcJVA2QWcfQwj5", oauth_token="166467575-DTE2ydaaLI5J2DkP33hcGPesjABOYaE1wvxHLlmo", oauth_signature="AfhqDV8N6d495m8P54ELnA95E3k%3D"', 'User-Agent': 'python-requests/2.2.1 CPython/2.7.6 Linux/3.13.0-24-generic'}
DEBUG:requests_oauthlib.oauth1_auth:Updated body: None
INFO:urllib3.connectionpool:Starting new HTTPS connection (1): api.twitter.com
DEBUG:urllib3.connectionpool:Setting read timeout to None
DEBUG:urllib3.connectionpool:"GET /1.1/statuses/lookup.json HTTP/1.1" 400 86
INFO:root:Starting tweetful
INFO:root:Constructing parser
DEBUG:requests_oauthlib.oauth1_auth:Signing request <PreparedRequest [GET]> using client <Client nonce=None, signature_method=HMAC-SHA1, realm=None, encoding=utf-8, timestamp=None, resource_owner_secret=****, decoding=utf-8, verifier=None, signature_type=AUTH_HEADER, rsa_key=None, resource_owner_key=166467575-DTE2ydaaLI5J2DkP33hcGPesjABOYaE1wvxHLlmo, client_secret=****, callback_uri=None, client_key=4mQJhCVVUyCvcJVA2QWcfQwj5>
DEBUG:requests_oauthlib.oauth1_auth:Including body in call to sign: False
DEBUG:oauthlib.oauth1.rfc5849:Collected params: [(u'oauth_nonce', u'91621486072716362701419181920'), (u'oauth_timestamp', u'1419181920'), (u'oauth_consumer_key', u'4mQJhCVVUyCvcJVA2QWcfQwj5'), (u'oauth_signature_method', u'HMAC-SHA1'), (u'oauth_version', u'1.0'), (u'oauth_token', u'166467575-DTE2ydaaLI5J2DkP33hcGPesjABOYaE1wvxHLlmo')]
DEBUG:oauthlib.oauth1.rfc5849:Normalized params: oauth_consumer_key=4mQJhCVVUyCvcJVA2QWcfQwj5&oauth_nonce=91621486072716362701419181920&oauth_signature_method=HMAC-SHA1&oauth_timestamp=1419181920&oauth_token=166467575-DTE2ydaaLI5J2DkP33hcGPesjABOYaE1wvxHLlmo&oauth_version=1.0
DEBUG:oauthlib.oauth1.rfc5849:Normalized URI: https://api.twitter.com/1.1/favorites/list.json
DEBUG:oauthlib.oauth1.rfc5849:Base signing string: GET&https%3A%2F%2Fapi.twitter.com%2F1.1%2Ffavorites%2Flist.json&oauth_consumer_key%3D4mQJhCVVUyCvcJVA2QWcfQwj5%26oauth_nonce%3D91621486072716362701419181920%26oauth_signature_method%3DHMAC-SHA1%26oauth_timestamp%3D1419181920%26oauth_token%3D166467575-DTE2ydaaLI5J2DkP33hcGPesjABOYaE1wvxHLlmo%26oauth_version%3D1.0
DEBUG:oauthlib.oauth1.rfc5849:Signature: nAdrclu+JxZvSL3m9llGZAuQnmc=
DEBUG:oauthlib.oauth1.rfc5849:Encoding URI, headers and body to utf-8.
DEBUG:requests_oauthlib.oauth1_auth:Updated url: https://api.twitter.com/1.1/favorites/list.json
DEBUG:requests_oauthlib.oauth1_auth:Updated headers: {'Accept': '*/*', 'Accept-Encoding': 'gzip, deflate, compress', 'Authorization': 'OAuth oauth_nonce="91621486072716362701419181920", oauth_timestamp="1419181920", oauth_version="1.0", oauth_signature_method="HMAC-SHA1", oauth_consumer_key="4mQJhCVVUyCvcJVA2QWcfQwj5", oauth_token="166467575-DTE2ydaaLI5J2DkP33hcGPesjABOYaE1wvxHLlmo", oauth_signature="nAdrclu%2BJxZvSL3m9llGZAuQnmc%3D"', 'User-Agent': 'python-requests/2.2.1 CPython/2.7.6 Linux/3.13.0-24-generic'}
DEBUG:requests_oauthlib.oauth1_auth:Updated body: None
INFO:urllib3.connectionpool:Starting new HTTPS connection (1): api.twitter.com
DEBUG:urllib3.connectionpool:Setting read timeout to None
DEBUG:urllib3.connectionpool:"GET /1.1/favorites/list.json HTTP/1.1" 200 5136
INFO:root:Starting tweetful
INFO:root:Constructing parser
DEBUG:requests_oauthlib.oauth1_auth:Signing request <PreparedRequest [GET]> using client <Client nonce=None, signature_method=HMAC-SHA1, realm=None, encoding=utf-8, timestamp=None, resource_owner_secret=****, decoding=utf-8, verifier=None, signature_type=AUTH_HEADER, rsa_key=None, resource_owner_key=166467575-DTE2ydaaLI5J2DkP33hcGPesjABOYaE1wvxHLlmo, client_secret=****, callback_uri=None, client_key=4mQJhCVVUyCvcJVA2QWcfQwj5>
DEBUG:requests_oauthlib.oauth1_auth:Including body in call to sign: False
DEBUG:oauthlib.oauth1.rfc5849:Collected params: [(u'oauth_nonce', u'91882013840688912531419181943'), (u'oauth_timestamp', u'1419181943'), (u'oauth_consumer_key', u'4mQJhCVVUyCvcJVA2QWcfQwj5'), (u'oauth_signature_method', u'HMAC-SHA1'), (u'oauth_version', u'1.0'), (u'oauth_token', u'166467575-DTE2ydaaLI5J2DkP33hcGPesjABOYaE1wvxHLlmo')]
DEBUG:oauthlib.oauth1.rfc5849:Normalized params: oauth_consumer_key=4mQJhCVVUyCvcJVA2QWcfQwj5&oauth_nonce=91882013840688912531419181943&oauth_signature_method=HMAC-SHA1&oauth_timestamp=1419181943&oauth_token=166467575-DTE2ydaaLI5J2DkP33hcGPesjABOYaE1wvxHLlmo&oauth_version=1.0
DEBUG:oauthlib.oauth1.rfc5849:Normalized URI: https://api.twitter.com/1.1/followers/list.json
DEBUG:oauthlib.oauth1.rfc5849:Base signing string: GET&https%3A%2F%2Fapi.twitter.com%2F1.1%2Ffollowers%2Flist.json&oauth_consumer_key%3D4mQJhCVVUyCvcJVA2QWcfQwj5%26oauth_nonce%3D91882013840688912531419181943%26oauth_signature_method%3DHMAC-SHA1%26oauth_timestamp%3D1419181943%26oauth_token%3D166467575-DTE2ydaaLI5J2DkP33hcGPesjABOYaE1wvxHLlmo%26oauth_version%3D1.0
DEBUG:oauthlib.oauth1.rfc5849:Signature: vBwX3mbvng1Thc/QzYnQeQ9Wx9k=
DEBUG:oauthlib.oauth1.rfc5849:Encoding URI, headers and body to utf-8.
DEBUG:requests_oauthlib.oauth1_auth:Updated url: https://api.twitter.com/1.1/followers/list.json
DEBUG:requests_oauthlib.oauth1_auth:Updated headers: {'Accept': '*/*', 'Accept-Encoding': 'gzip, deflate, compress', 'Authorization': 'OAuth oauth_nonce="91882013840688912531419181943", oauth_timestamp="1419181943", oauth_version="1.0", oauth_signature_method="HMAC-SHA1", oauth_consumer_key="4mQJhCVVUyCvcJVA2QWcfQwj5", oauth_token="166467575-DTE2ydaaLI5J2DkP33hcGPesjABOYaE1wvxHLlmo", oauth_signature="vBwX3mbvng1Thc%2FQzYnQeQ9Wx9k%3D"', 'User-Agent': 'python-requests/2.2.1 CPython/2.7.6 Linux/3.13.0-24-generic'}
DEBUG:requests_oauthlib.oauth1_auth:Updated body: None
INFO:urllib3.connectionpool:Starting new HTTPS connection (1): api.twitter.com
DEBUG:urllib3.connectionpool:Setting read timeout to None
DEBUG:urllib3.connectionpool:"GET /1.1/followers/list.json HTTP/1.1" 200 9430
INFO:root:Starting tweetful
INFO:root:Constructing parser
DEBUG:requests_oauthlib.oauth1_auth:Signing request <PreparedRequest [GET]> using client <Client nonce=None, signature_method=HMAC-SHA1, realm=None, encoding=utf-8, timestamp=None, resource_owner_secret=****, decoding=utf-8, verifier=None, signature_type=AUTH_HEADER, rsa_key=None, resource_owner_key=166467575-DTE2ydaaLI5J2DkP33hcGPesjABOYaE1wvxHLlmo, client_secret=****, callback_uri=None, client_key=4mQJhCVVUyCvcJVA2QWcfQwj5>
DEBUG:requests_oauthlib.oauth1_auth:Including body in call to sign: False
DEBUG:oauthlib.oauth1.rfc5849:Collected params: [(u'oauth_nonce', u'123745846172782933121419182441'), (u'oauth_timestamp', u'1419182441'), (u'oauth_consumer_key', u'4mQJhCVVUyCvcJVA2QWcfQwj5'), (u'oauth_signature_method', u'HMAC-SHA1'), (u'oauth_version', u'1.0'), (u'oauth_token', u'166467575-DTE2ydaaLI5J2DkP33hcGPesjABOYaE1wvxHLlmo')]
DEBUG:oauthlib.oauth1.rfc5849:Normalized params: oauth_consumer_key=4mQJhCVVUyCvcJVA2QWcfQwj5&oauth_nonce=123745846172782933121419182441&oauth_signature_method=HMAC-SHA1&oauth_timestamp=1419182441&oauth_token=166467575-DTE2ydaaLI5J2DkP33hcGPesjABOYaE1wvxHLlmo&oauth_version=1.0
DEBUG:oauthlib.oauth1.rfc5849:Normalized URI: https://api.twitter.com/1.1/followers/list.json
DEBUG:oauthlib.oauth1.rfc5849:Base signing string: GET&https%3A%2F%2Fapi.twitter.com%2F1.1%2Ffollowers%2Flist.json&oauth_consumer_key%3D4mQJhCVVUyCvcJVA2QWcfQwj5%26oauth_nonce%3D123745846172782933121419182441%26oauth_signature_method%3DHMAC-SHA1%26oauth_timestamp%3D1419182441%26oauth_token%3D166467575-DTE2ydaaLI5J2DkP33hcGPesjABOYaE1wvxHLlmo%26oauth_version%3D1.0
DEBUG:oauthlib.oauth1.rfc5849:Signature: 8cMKFQNrTjFfG6SFZ7sIRX11Y/8=
DEBUG:oauthlib.oauth1.rfc5849:Encoding URI, headers and body to utf-8.
DEBUG:requests_oauthlib.oauth1_auth:Updated url: https://api.twitter.com/1.1/followers/list.json
DEBUG:requests_oauthlib.oauth1_auth:Updated headers: {'Accept': '*/*', 'Accept-Encoding': 'gzip, deflate, compress', 'Authorization': 'OAuth oauth_nonce="123745846172782933121419182441", oauth_timestamp="1419182441", oauth_version="1.0", oauth_signature_method="HMAC-SHA1", oauth_consumer_key="4mQJhCVVUyCvcJVA2QWcfQwj5", oauth_token="166467575-DTE2ydaaLI5J2DkP33hcGPesjABOYaE1wvxHLlmo", oauth_signature="8cMKFQNrTjFfG6SFZ7sIRX11Y%2F8%3D"', 'User-Agent': 'python-requests/2.2.1 CPython/2.7.6 Linux/3.13.0-24-generic'}
DEBUG:requests_oauthlib.oauth1_auth:Updated body: None
INFO:urllib3.connectionpool:Starting new HTTPS connection (1): api.twitter.com
DEBUG:urllib3.connectionpool:Setting read timeout to None
DEBUG:urllib3.connectionpool:"GET /1.1/followers/list.json HTTP/1.1" 200 9429
